10:40:08:412  INFO 4312 --- [main] com.hmall.pay.PayApplication             : Starting PayApplication using Java 17.0.10 on DESKTOP-B008HTL with PID 4312 (F:\workspace\springcloud\hmall\pay-service\target\classes started by 32944 in F:\workspace\springcloud\hmall)
10:40:08:415 DEBUG 4312 --- [main] com.hmall.pay.PayApplication             : Running with Spring Boot v2.7.12, Spring v5.3.27
10:40:08:415  INFO 4312 --- [main] com.hmall.pay.PayApplication             : The following 1 profile is active: "local"
10:40:09:121  INFO 4312 --- [main] .s.d.r.c.RepositoryConfigurationDelegate : Multiple Spring Data modules found, entering strict repository configuration mode
10:40:09:124  INFO 4312 --- [main] .s.d.r.c.RepositoryConfigurationDelegate : Bootstrapping Spring Data Redis repositories in DEFAULT mode.
10:40:09:141  INFO 4312 --- [main] .s.d.r.c.RepositoryConfigurationDelegate : Finished Spring Data repository scanning in 5 ms. Found 0 Redis repository interfaces.
10:40:09:348  INFO 4312 --- [main] o.s.cloud.context.scope.GenericScope     : BeanFactory id=867e1986-76fe-3663-b677-b7ef4a9ea0a6
10:40:09:773  INFO 4312 --- [main] o.s.b.w.embedded.tomcat.TomcatWebServer  : Tomcat initialized with port(s): 8086 (http)
10:40:09:782  INFO 4312 --- [main] o.apache.catalina.core.StandardService   : Starting service [Tomcat]
10:40:09:782  INFO 4312 --- [main] org.apache.catalina.core.StandardEngine  : Starting Servlet engine: [Apache Tomcat/9.0.75]
10:40:09:890  INFO 4312 --- [main] o.a.c.c.C.[Tomcat].[localhost].[/]       : Initializing Spring embedded WebApplicationContext
10:40:09:890  INFO 4312 --- [main] w.s.c.ServletWebServerApplicationContext : Root WebApplicationContext: initialization completed in 1439 ms
10:40:10:054  INFO 4312 --- [main] o.s.c.openfeign.FeignClientFactoryBean   : For 'user-service' URL not provided. Will try picking an instance via load-balancing.
10:40:10:238  INFO 4312 --- [main] o.s.c.openfeign.FeignClientFactoryBean   : For 'trade-service' URL not provided. Will try picking an instance via load-balancing.
10:40:11:043  INFO 4312 --- [main] pertySourcedRequestMappingHandlerMapping : Mapped URL path [/v2/api-docs] onto method [springfox.documentation.swagger2.web.Swagger2ControllerWebMvc#getDocumentation(String, HttpServletRequest)]
10:40:11:635  INFO 4312 --- [main] com.alibaba.nacos.common.remote.client   : [RpcClientFactory] create a new rpc client of 1aad0958-d9db-4327-b076-ccc7cb6507b7
10:40:11:688  INFO 4312 --- [main] org.reflections.Reflections              : Reflections took 25 ms to scan 1 urls, producing 3 keys and 6 values 
10:40:11:710  INFO 4312 --- [main] org.reflections.Reflections              : Reflections took 9 ms to scan 1 urls, producing 4 keys and 9 values 
10:40:11:718  INFO 4312 --- [main] org.reflections.Reflections              : Reflections took 5 ms to scan 1 urls, producing 3 keys and 10 values 
10:40:11:720  WARN 4312 --- [main] org.reflections.Reflections              : given scan urls are empty. set urls in the configuration
10:40:11:725  INFO 4312 --- [main] org.reflections.Reflections              : Reflections took 5 ms to scan 1 urls, producing 1 keys and 5 values 
10:40:11:732  INFO 4312 --- [main] org.reflections.Reflections              : Reflections took 5 ms to scan 1 urls, producing 1 keys and 7 values 
10:40:11:740  INFO 4312 --- [main] org.reflections.Reflections              : Reflections took 6 ms to scan 1 urls, producing 2 keys and 8 values 
10:40:11:742  WARN 4312 --- [main] org.reflections.Reflections              : given scan urls are empty. set urls in the configuration
10:40:11:743  INFO 4312 --- [main] com.alibaba.nacos.common.remote.client   : [1aad0958-d9db-4327-b076-ccc7cb6507b7] RpcClient init label, labels = {module=naming, source=sdk}
10:40:11:744  INFO 4312 --- [main] com.alibaba.nacos.common.remote.client   : [1aad0958-d9db-4327-b076-ccc7cb6507b7] RpcClient init, ServerListFactory = com.alibaba.nacos.client.naming.core.ServerListManager
10:40:11:744  INFO 4312 --- [main] com.alibaba.nacos.common.remote.client   : [1aad0958-d9db-4327-b076-ccc7cb6507b7] Registry connection listener to current client:com.alibaba.nacos.client.naming.remote.gprc.redo.NamingGrpcRedoService
10:40:11:745  INFO 4312 --- [main] com.alibaba.nacos.common.remote.client   : [1aad0958-d9db-4327-b076-ccc7cb6507b7] Register server push request handler:com.alibaba.nacos.client.naming.remote.gprc.NamingPushRequestHandler
10:40:11:746  INFO 4312 --- [main] com.alibaba.nacos.common.remote.client   : [1aad0958-d9db-4327-b076-ccc7cb6507b7] Try to connect to server on start up, server: {serverIp = '192.168.88.130', server main port = 8848}
10:40:12:384  INFO 4312 --- [main] com.alibaba.nacos.common.remote.client   : [1aad0958-d9db-4327-b076-ccc7cb6507b7] Success to connect to server [192.168.88.130:8848] on start up, connectionId = 1722912012216_192.168.88.1_51367
10:40:12:384  INFO 4312 --- [com.alibaba.nacos.client.remote.worker] com.alibaba.nacos.common.remote.client   : [1aad0958-d9db-4327-b076-ccc7cb6507b7] Notify connected event to listeners.
10:40:12:384  INFO 4312 --- [main] com.alibaba.nacos.common.remote.client   : [1aad0958-d9db-4327-b076-ccc7cb6507b7] Register server push request handler:com.alibaba.nacos.common.remote.client.RpcClient$ConnectResetRequestHandler
10:40:12:384  INFO 4312 --- [main] com.alibaba.nacos.common.remote.client   : [1aad0958-d9db-4327-b076-ccc7cb6507b7] Register server push request handler:com.alibaba.nacos.common.remote.client.RpcClient$$Lambda$1215/0x000001a0bf8f44a8
10:40:12:443  INFO 4312 --- [main] o.s.b.w.embedded.tomcat.TomcatWebServer  : Tomcat started on port(s): 8086 (http) with context path ''
10:40:12:461  INFO 4312 --- [main] c.a.c.n.registry.NacosServiceRegistry    : nacos registry, DEFAULT_GROUP pay-service 192.168.21.2:8086 register finished
10:40:12:500  INFO 4312 --- [main] d.s.w.p.DocumentationPluginsBootstrapper : Documentation plugins bootstrapped
10:40:12:503  INFO 4312 --- [main] d.s.w.p.DocumentationPluginsBootstrapper : Found 1 custom documentation plugin(s)
10:40:12:525  INFO 4312 --- [main] s.d.s.w.s.ApiListingReferenceScanner     : Scanning for api listing references
10:40:12:606  INFO 4312 --- [main] com.hmall.pay.PayApplication             : Started PayApplication in 4.687 seconds (JVM running for 5.126)
10:40:12:933  INFO 4312 --- [nacos-grpc-client-executor-11] com.alibaba.nacos.common.remote.client   : [1aad0958-d9db-4327-b076-ccc7cb6507b7] Receive server push request, request = NotifySubscriberRequest, requestId = 43
10:40:12:941  INFO 4312 --- [nacos-grpc-client-executor-11] com.alibaba.nacos.common.remote.client   : [1aad0958-d9db-4327-b076-ccc7cb6507b7] Ack server push request, request = NotifySubscriberRequest, requestId = 43
